#
# A fatal error has been detected by the Java Runtime Environment:
#
#  EXCEPTION_ACCESS_VIOLATION (0xc0000005) at pc=0x00007ffa74da143d, pid=10248, tid=296
#
# JRE version: Java(TM) SE Runtime Environment (11.0+28) (build 11+28)
# Java VM: Java HotSpot(TM) 64-Bit Server VM (11+28, mixed mode, tiered, compressed oops, g1 gc, windows-amd64)
# Problematic frame:
# V  [jvm.dll+0x26143d]
#
# No core dump will be written. Minidumps are not enabled by default on client versions of Windows
#
# If you would like to submit a bug report, please visit:
#   http://bugreport.java.com/bugreport/crash.jsp
#

---------------  S U M M A R Y ------------

Command Line: -agentlib:jdwp=transport=dt_socket,suspend=y,address=localhost:52886 -javaagent:C:\Users\Manisha Yerukala\eclipse\java-2018-093\eclipse\configuration\org.eclipse.osgi\237\0\.cp\lib\javaagent-shaded.jar -Dfile.encoding=Cp1252 com.test.abc.Calculator

Host: Intel(R) Core(TM) i5-5200U CPU @ 2.20GHz, 4 cores, 5G,  Windows 10 , 64 bit Build 17134 (10.0.17134.1)
Time: Wed Oct  3 14:30:21 2018 Eastern Daylight Time elapsed time: 8811 seconds (0d 2h 26m 51s)

---------------  T H R E A D  ---------------

Current thread (0x0000021f9f0cd000):  VMThread "VM Thread" [stack: 0x00000050e8f00000,0x00000050e9000000] [id=296]

Stack: [0x00000050e8f00000,0x00000050e9000000],  sp=0x00000050e8fff430,  free space=1021k
Native frames: (J=compiled Java code, j=interpreted, Vv=VM code, C=native code)
V  [jvm.dll+0x26143d]
V  [jvm.dll+0x260eeb]
V  [jvm.dll+0x508b60]
V  [jvm.dll+0x1eae8b]
V  [jvm.dll+0x50b3f2]
V  [jvm.dll+0x508ebb]
V  [jvm.dll+0x78179c]
V  [jvm.dll+0x77fc57]
V  [jvm.dll+0x780480]
V  [jvm.dll+0x78078f]
V  [jvm.dll+0x63b2c2]
C  [ucrtbase.dll+0x1c4be]
C  [KERNEL32.DLL+0x13034]
C  [ntdll.dll+0x71461]


siginfo: EXCEPTION_ACCESS_VIOLATION (0xc0000005), reading address 0xffffffffffffffff


Register to memory mapping:

RIP=0x00007ffa74da143d jvm.dll
RAX=0x0000840000000000 is an unknown value
RBX=0x0000021f9f928dd8 is pointing into metadata
RCX=0x0000840000000000 is an unknown value
RDX=0x00000001000caef8 is pointing into metadata
RSP=0x00000050e8fff430 points into unknown readable memory
RBP=0x0 is NULL
RSI=0x00000001000caa80 is pointing into metadata
RDI=0x00000001000caef8 is pointing into metadata
R8 =0x00000050e8fff568 points into unknown readable memory
R9 =0x0000000000000002 is an unknown value
R10=0x0000021f9f0cbbb0 points into unknown readable memory
R11=0x0000021fa0a290c8 is pointing into metadata
R12=0x00000001000caef8 is pointing into metadata
R13=0x0 is NULL
R14=0x00000050e8fff568 points into unknown readable memory
R15=0x0000021f9f928db8 is pointing into metadata


Registers:
RAX=0x0000840000000000, RBX=0x0000021f9f928dd8, RCX=0x0000840000000000, RDX=0x00000001000caef8
RSP=0x00000050e8fff430, RBP=0x0000000000000000, RSI=0x00000001000caa80, RDI=0x00000001000caef8
R8 =0x00000050e8fff568, R9 =0x0000000000000002, R10=0x0000021f9f0cbbb0, R11=0x0000021fa0a290c8
R12=0x00000001000caef8, R13=0x0000000000000000, R14=0x00000050e8fff568, R15=0x0000021f9f928db8
RIP=0x00007ffa74da143d, EFLAGS=0x0000000000010206

Top of Stack: (sp=0x00000050e8fff430)
0x00000050e8fff430:   00000050e98ff330 0000021f9fb6f9d8
0x00000050e8fff440:   000000000000007c 0000000000000000
0x00000050e8fff450:   00000050e8fff5c8 00007ffa74da0eeb
0x00000050e8fff460:   0000021f9f928dd8 00000000000083b0
0x00000050e8fff470:   0000021f9fb690d0 00007ffa74e990b5
0x00000050e8fff480:   0000021f9f0cd000 00000050e8fff5c8
0x00000050e8fff490:   00000050e98ff330 00000050e98ff3b0
0x00000050e8fff4a0:   00000000a73b2df0 00007ffa75048b60
0x00000050e8fff4b0:   00000001000caef8 00000001000caa80
0x00000050e8fff4c0:   00000050e8fff5c8 00000000a73b2df0
0x00000050e8fff4d0:   0000021fa0a290c8 0000021f9f0cd000
0x00000050e8fff4e0:   0000021fa0a290c8 0000021f9f0cd000
0x00000050e8fff4f0:   00007ffa00000002 0000021f9f0cd000
0x00000050e8fff500:   0000021f802054a0 0000021f9f0af340
0x00000050e8fff510:   0000021f9f0af3e8 0000021f9f0af428
0x00000050e8fff520:   00000000000000d8 00000050e8fff600 

Instructions: (pc=0x00007ffa74da143d)
0x00007ffa74da141d:   66 48 8b 41 18 48 c1 e8 14 a8 01 74 06 48 8b 59
0x00007ffa74da142d:   10 eb 21 48 8b 41 08 48 85 c0 74 4b 48 8b 49 08
0x00007ffa74da143d:   48 8b 01 ff 50 10 84 c0 75 06 48 8b 5b 10 eb 04
0x00007ffa74da144d:   48 8b 5b 08 48 85 db 74 2e 48 8b 13 48 8b cb ff 


VM_Operation (0x00000050e98ff330): RedefineClasses, mode: safepoint, requested by thread 0x0000021f9fe02000, redefining class com.test.abc.Calculator



---------------  P R O C E S S  ---------------

Threads class SMR info:
_java_thread_list=0x0000021f9fe4c2c0, length=13, elements={
0x0000021f80147000, 0x0000021f9f0f1800, 0x0000021f9f0fa800, 0x0000021f9f109800,
0x0000021f9f112800, 0x0000021f9f11d000, 0x0000021f9f127000, 0x0000021f9f12c000,
0x0000021f9f095800, 0x0000021f9fe02000, 0x0000021f9fc84800, 0x0000021f9fc85800,
0x0000021f9ff0f000
}

Java Threads: ( => current thread )
  0x0000021f80147000 JavaThread "main" [_thread_in_native, id=1736, stack(0x00000050e8900000,0x00000050e8a00000)]
  0x0000021f9f0f1800 JavaThread "Reference Handler" daemon [_thread_blocked, id=1520, stack(0x00000050e9000000,0x00000050e9100000)]
  0x0000021f9f0fa800 JavaThread "Finalizer" daemon [_thread_blocked, id=9748, stack(0x00000050e9100000,0x00000050e9200000)]
  0x0000021f9f109800 JavaThread "Signal Dispatcher" daemon [_thread_blocked, id=8892, stack(0x00000050e9200000,0x00000050e9300000)]
  0x0000021f9f112800 JavaThread "Attach Listener" daemon [_thread_blocked, id=9072, stack(0x00000050e9300000,0x00000050e9400000)]
  0x0000021f9f11d000 JavaThread "C2 CompilerThread0" daemon [_thread_blocked, id=6764, stack(0x00000050e9400000,0x00000050e9500000)]
  0x0000021f9f127000 JavaThread "C1 CompilerThread0" daemon [_thread_blocked, id=8, stack(0x00000050e9500000,0x00000050e9600000)]
  0x0000021f9f12c000 JavaThread "Sweeper thread" daemon [_thread_blocked, id=9124, stack(0x00000050e9600000,0x00000050e9700000)]
  0x0000021f9f095800 JavaThread "Common-Cleaner" daemon [_thread_blocked, id=7780, stack(0x00000050e9700000,0x00000050e9800000)]
  0x0000021f9fe02000 JavaThread "JDWP Transport Listener: dt_socket" daemon [_thread_blocked, id=9772, stack(0x00000050e9800000,0x00000050e9900000)]
  0x0000021f9fc84800 JavaThread "JDWP Event Helper Thread" daemon [_thread_blocked, id=8928, stack(0x00000050e9900000,0x00000050e9a00000)]
  0x0000021f9fc85800 JavaThread "JDWP Command Reader" daemon [_thread_in_native, id=3896, stack(0x00000050e9a00000,0x00000050e9b00000)]
  0x0000021f9ff0f000 JavaThread "Service Thread" daemon [_thread_blocked, id=5308, stack(0x00000050e9b00000,0x00000050e9c00000)]

Other Threads:
=>0x0000021f9f0cd000 VMThread "VM Thread" [stack: 0x00000050e8f00000,0x00000050e9000000] [id=296]
  0x0000021f9ff05000 WatcherThread [stack: 0x00000050e9c00000,0x00000050e9d00000] [id=11188]
  0x0000021f8015f000 GCTaskThread "GC Thread#0" [stack: 0x00000050e8a00000,0x00000050e8b00000] [id=6804]
  0x0000021f80184800 ConcurrentGCThread "G1 Main Marker" [stack: 0x00000050e8b00000,0x00000050e8c00000] [id=11164]
  0x0000021f80186000 ConcurrentGCThread "G1 Conc#0" [stack: 0x00000050e8c00000,0x00000050e8d00000] [id=10300]
  0x0000021f801fb000 ConcurrentGCThread "G1 Refine#0" [stack: 0x00000050e8d00000,0x00000050e8e00000] [id=8824]
  0x0000021f801fe000 ConcurrentGCThread "G1 Young RemSet Sampling" [stack: 0x00000050e8e00000,0x00000050e8f00000] [id=10512]

Threads with active compile tasks:
C1 CompilerThread0 457       3       org.eclipse.jdt.launching.internal.org.objectweb.asm.SymbolTable::addConstantUtf8Reference (101 bytes)

VM state:at safepoint (normal execution)

VM Mutex/Monitor currently owned by a thread:  ([mutex/lock_event])
[0x0000021f80146650] Threads_lock - owner thread: 0x0000021f9f0cd000

Heap address: 0x00000000a1400000, size: 1516 MB, Compressed Oops mode: 32-bit
Narrow klass base: 0x0000000000000000, Narrow klass shift: 3
Compressed class space size: 1073741824 Address: 0x0000000100000000

Heap:
 garbage-first heap   total 98304K, used 5120K [0x00000000a1400000, 0x0000000100000000)
  region size 1024K, 6 young (6144K), 0 survivors (0K)
 Metaspace       used 9588K, capacity 9682K, committed 9856K, reserved 1058816K
  class space    used 841K, capacity 882K, committed 896K, reserved 1048576K
Heap Regions: E=young(eden), S=young(survivor), O=old, HS=humongous(starts), HC=humongous(continues), CS=collection set, F=free, A=archive, TAMS=top-at-mark-start (previous, next)
|   0|0x00000000a1400000, 0x00000000a1400000, 0x00000000a1500000|  0%| F|  |TAMS 0x00000000a1400000, 0x00000000a1400000| Untracked 
|   1|0x00000000a1500000, 0x00000000a1500000, 0x00000000a1600000|  0%| F|  |TAMS 0x00000000a1500000, 0x00000000a1500000| Untracked 
|   2|0x00000000a1600000, 0x00000000a1600000, 0x00000000a1700000|  0%| F|  |TAMS 0x00000000a1600000, 0x00000000a1600000| Untracked 
|   3|0x00000000a1700000, 0x00000000a1700000, 0x00000000a1800000|  0%| F|  |TAMS 0x00000000a1700000, 0x00000000a1700000| Untracked 
|   4|0x00000000a1800000, 0x00000000a1800000, 0x00000000a1900000|  0%| F|  |TAMS 0x00000000a1800000, 0x00000000a1800000| Untracked 
|   5|0x00000000a1900000, 0x00000000a1900000, 0x00000000a1a00000|  0%| F|  |TAMS 0x00000000a1900000, 0x00000000a1900000| Untracked 
|   6|0x00000000a1a00000, 0x00000000a1a00000, 0x00000000a1b00000|  0%| F|  |TAMS 0x00000000a1a00000, 0x00000000a1a00000| Untracked 
|   7|0x00000000a1b00000, 0x00000000a1b00000, 0x00000000a1c00000|  0%| F|  |TAMS 0x00000000a1b00000, 0x00000000a1b00000| Untracked 
|   8|0x00000000a1c00000, 0x00000000a1c00000, 0x00000000a1d00000|  0%| F|  |TAMS 0x00000000a1c00000, 0x00000000a1c00000| Untracked 
|   9|0x00000000a1d00000, 0x00000000a1d00000, 0x00000000a1e00000|  0%| F|  |TAMS 0x00000000a1d00000, 0x00000000a1d00000| Untracked 
|  10|0x00000000a1e00000, 0x00000000a1e00000, 0x00000000a1f00000|  0%| F|  |TAMS 0x00000000a1e00000, 0x00000000a1e00000| Untracked 
|  11|0x00000000a1f00000, 0x00000000a1f00000, 0x00000000a2000000|  0%| F|  |TAMS 0x00000000a1f00000, 0x00000000a1f00000| Untracked 
|  12|0x00000000a2000000, 0x00000000a2000000, 0x00000000a2100000|  0%| F|  |TAMS 0x00000000a2000000, 0x00000000a2000000| Untracked 
|  13|0x00000000a2100000, 0x00000000a2100000, 0x00000000a2200000|  0%| F|  |TAMS 0x00000000a2100000, 0x00000000a2100000| Untracked 
|  14|0x00000000a2200000, 0x00000000a2200000, 0x00000000a2300000|  0%| F|  |TAMS 0x00000000a2200000, 0x00000000a2200000| Untracked 
|  15|0x00000000a2300000, 0x00000000a2300000, 0x00000000a2400000|  0%| F|  |TAMS 0x00000000a2300000, 0x00000000a2300000| Untracked 
|  16|0x00000000a2400000, 0x00000000a2400000, 0x00000000a2500000|  0%| F|  |TAMS 0x00000000a2400000, 0x00000000a2400000| Untracked 
|  17|0x00000000a2500000, 0x00000000a2500000, 0x00000000a2600000|  0%| F|  |TAMS 0x00000000a2500000, 0x00000000a2500000| Untracked 
|  18|0x00000000a2600000, 0x00000000a2600000, 0x00000000a2700000|  0%| F|  |TAMS 0x00000000a2600000, 0x00000000a2600000| Untracked 
|  19|0x00000000a2700000, 0x00000000a2700000, 0x00000000a2800000|  0%| F|  |TAMS 0x00000000a2700000, 0x00000000a2700000| Untracked 
|  20|0x00000000a2800000, 0x00000000a2800000, 0x00000000a2900000|  0%| F|  |TAMS 0x00000000a2800000, 0x00000000a2800000| Untracked 
|  21|0x00000000a2900000, 0x00000000a2900000, 0x00000000a2a00000|  0%| F|  |TAMS 0x00000000a2900000, 0x00000000a2900000| Untracked 
|  22|0x00000000a2a00000, 0x00000000a2a00000, 0x00000000a2b00000|  0%| F|  |TAMS 0x00000000a2a00000, 0x00000000a2a00000| Untracked 
|  23|0x00000000a2b00000, 0x00000000a2b00000, 0x00000000a2c00000|  0%| F|  |TAMS 0x00000000a2b00000, 0x00000000a2b00000| Untracked 
|  24|0x00000000a2c00000, 0x00000000a2c00000, 0x00000000a2d00000|  0%| F|  |TAMS 0x00000000a2c00000, 0x00000000a2c00000| Untracked 
|  25|0x00000000a2d00000, 0x00000000a2d00000, 0x00000000a2e00000|  0%| F|  |TAMS 0x00000000a2d00000, 0x00000000a2d00000| Untracked 
|  26|0x00000000a2e00000, 0x00000000a2e00000, 0x00000000a2f00000|  0%| F|  |TAMS 0x00000000a2e00000, 0x00000000a2e00000| Untracked 
|  27|0x00000000a2f00000, 0x00000000a2f00000, 0x00000000a3000000|  0%| F|  |TAMS 0x00000000a2f00000, 0x00000000a2f00000| Untracked 
|  28|0x00000000a3000000, 0x00000000a3000000, 0x00000000a3100000|  0%| F|  |TAMS 0x00000000a3000000, 0x00000000a3000000| Untracked 
|  29|0x00000000a3100000, 0x00000000a3100000, 0x00000000a3200000|  0%| F|  |TAMS 0x00000000a3100000, 0x00000000a3100000| Untracked 
|  30|0x00000000a3200000, 0x00000000a3200000, 0x00000000a3300000|  0%| F|  |TAMS 0x00000000a3200000, 0x00000000a3200000| Untracked 
|  31|0x00000000a3300000, 0x00000000a3300000, 0x00000000a3400000|  0%| F|  |TAMS 0x00000000a3300000, 0x00000000a3300000| Untracked 
|  32|0x00000000a3400000, 0x00000000a3400000, 0x00000000a3500000|  0%| F|  |TAMS 0x00000000a3400000, 0x00000000a3400000| Untracked 
|  33|0x00000000a3500000, 0x00000000a3500000, 0x00000000a3600000|  0%| F|  |TAMS 0x00000000a3500000, 0x00000000a3500000| Untracked 
|  34|0x00000000a3600000, 0x00000000a3600000, 0x00000000a3700000|  0%| F|  |TAMS 0x00000000a3600000, 0x00000000a3600000| Untracked 
|  35|0x00000000a3700000, 0x00000000a3700000, 0x00000000a3800000|  0%| F|  |TAMS 0x00000000a3700000, 0x00000000a3700000| Untracked 
|  36|0x00000000a3800000, 0x00000000a3800000, 0x00000000a3900000|  0%| F|  |TAMS 0x00000000a3800000, 0x00000000a3800000| Untracked 
|  37|0x00000000a3900000, 0x00000000a3900000, 0x00000000a3a00000|  0%| F|  |TAMS 0x00000000a3900000, 0x00000000a3900000| Untracked 
|  38|0x00000000a3a00000, 0x00000000a3a00000, 0x00000000a3b00000|  0%| F|  |TAMS 0x00000000a3a00000, 0x00000000a3a00000| Untracked 
|  39|0x00000000a3b00000, 0x00000000a3b00000, 0x00000000a3c00000|  0%| F|  |TAMS 0x00000000a3b00000, 0x00000000a3b00000| Untracked 
|  40|0x00000000a3c00000, 0x00000000a3c00000, 0x00000000a3d00000|  0%| F|  |TAMS 0x00000000a3c00000, 0x00000000a3c00000| Untracked 
|  41|0x00000000a3d00000, 0x00000000a3d00000, 0x00000000a3e00000|  0%| F|  |TAMS 0x00000000a3d00000, 0x00000000a3d00000| Untracked 
|  42|0x00000000a3e00000, 0x00000000a3e00000, 0x00000000a3f00000|  0%| F|  |TAMS 0x00000000a3e00000, 0x00000000a3e00000| Untracked 
|  43|0x00000000a3f00000, 0x00000000a3f00000, 0x00000000a4000000|  0%| F|  |TAMS 0x00000000a3f00000, 0x00000000a3f00000| Untracked 
|  44|0x00000000a4000000, 0x00000000a4000000, 0x00000000a4100000|  0%| F|  |TAMS 0x00000000a4000000, 0x00000000a4000000| Untracked 
|  45|0x00000000a4100000, 0x00000000a4100000, 0x00000000a4200000|  0%| F|  |TAMS 0x00000000a4100000, 0x00000000a4100000| Untracked 
|  46|0x00000000a4200000, 0x00000000a4200000, 0x00000000a4300000|  0%| F|  |TAMS 0x00000000a4200000, 0x00000000a4200000| Untracked 
|  47|0x00000000a4300000, 0x00000000a4300000, 0x00000000a4400000|  0%| F|  |TAMS 0x00000000a4300000, 0x00000000a4300000| Untracked 
|  48|0x00000000a4400000, 0x00000000a4400000, 0x00000000a4500000|  0%| F|  |TAMS 0x00000000a4400000, 0x00000000a4400000| Untracked 
|  49|0x00000000a4500000, 0x00000000a4500000, 0x00000000a4600000|  0%| F|  |TAMS 0x00000000a4500000, 0x00000000a4500000| Untracked 
|  50|0x00000000a4600000, 0x00000000a4600000, 0x00000000a4700000|  0%| F|  |TAMS 0x00000000a4600000, 0x00000000a4600000| Untracked 
|  51|0x00000000a4700000, 0x00000000a4700000, 0x00000000a4800000|  0%| F|  |TAMS 0x00000000a4700000, 0x00000000a4700000| Untracked 
|  52|0x00000000a4800000, 0x00000000a4800000, 0x00000000a4900000|  0%| F|  |TAMS 0x00000000a4800000, 0x00000000a4800000| Untracked 
|  53|0x00000000a4900000, 0x00000000a4900000, 0x00000000a4a00000|  0%| F|  |TAMS 0x00000000a4900000, 0x00000000a4900000| Untracked 
|  54|0x00000000a4a00000, 0x00000000a4a00000, 0x00000000a4b00000|  0%| F|  |TAMS 0x00000000a4a00000, 0x00000000a4a00000| Untracked 
|  55|0x00000000a4b00000, 0x00000000a4b00000, 0x00000000a4c00000|  0%| F|  |TAMS 0x00000000a4b00000, 0x00000000a4b00000| Untracked 
|  56|0x00000000a4c00000, 0x00000000a4c00000, 0x00000000a4d00000|  0%| F|  |TAMS 0x00000000a4c00000, 0x00000000a4c00000| Untracked 
|  57|0x00000000a4d00000, 0x00000000a4d00000, 0x00000000a4e00000|  0%| F|  |TAMS 0x00000000a4d00000, 0x00000000a4d00000| Untracked 
|  58|0x00000000a4e00000, 0x00000000a4e00000, 0x00000000a4f00000|  0%| F|  |TAMS 0x00000000a4e00000, 0x00000000a4e00000| Untracked 
|  59|0x00000000a4f00000, 0x00000000a4f00000, 0x00000000a5000000|  0%| F|  |TAMS 0x00000000a4f00000, 0x00000000a4f00000| Untracked 
|  60|0x00000000a5000000, 0x00000000a5000000, 0x00000000a5100000|  0%| F|  |TAMS 0x00000000a5000000, 0x00000000a5000000| Untracked 
|  61|0x00000000a5100000, 0x00000000a5100000, 0x00000000a5200000|  0%| F|  |TAMS 0x00000000a5100000, 0x00000000a5100000| Untracked 
|  62|0x00000000a5200000, 0x00000000a5200000, 0x00000000a5300000|  0%| F|  |TAMS 0x00000000a5200000, 0x00000000a5200000| Untracked 
|  63|0x00000000a5300000, 0x00000000a5300000, 0x00000000a5400000|  0%| F|  |TAMS 0x00000000a5300000, 0x00000000a5300000| Untracked 
|  64|0x00000000a5400000, 0x00000000a5400000, 0x00000000a5500000|  0%| F|  |TAMS 0x00000000a5400000, 0x00000000a5400000| Untracked 
|  65|0x00000000a5500000, 0x00000000a5500000, 0x00000000a5600000|  0%| F|  |TAMS 0x00000000a5500000, 0x00000000a5500000| Untracked 
|  66|0x00000000a5600000, 0x00000000a5600000, 0x00000000a5700000|  0%| F|  |TAMS 0x00000000a5600000, 0x00000000a5600000| Untracked 
|  67|0x00000000a5700000, 0x00000000a5700000, 0x00000000a5800000|  0%| F|  |TAMS 0x00000000a5700000, 0x00000000a5700000| Untracked 
|  68|0x00000000a5800000, 0x00000000a5800000, 0x00000000a5900000|  0%| F|  |TAMS 0x00000000a5800000, 0x00000000a5800000| Untracked 
|  69|0x00000000a5900000, 0x00000000a5900000, 0x00000000a5a00000|  0%| F|  |TAMS 0x00000000a5900000, 0x00000000a5900000| Untracked 
|  70|0x00000000a5a00000, 0x00000000a5a00000, 0x00000000a5b00000|  0%| F|  |TAMS 0x00000000a5a00000, 0x00000000a5a00000| Untracked 
|  71|0x00000000a5b00000, 0x00000000a5b00000, 0x00000000a5c00000|  0%| F|  |TAMS 0x00000000a5b00000, 0x00000000a5b00000| Untracked 
|  72|0x00000000a5c00000, 0x00000000a5c00000, 0x00000000a5d00000|  0%| F|  |TAMS 0x00000000a5c00000, 0x00000000a5c00000| Untracked 
|  73|0x00000000a5d00000, 0x00000000a5d00000, 0x00000000a5e00000|  0%| F|  |TAMS 0x00000000a5d00000, 0x00000000a5d00000| Untracked 
|  74|0x00000000a5e00000, 0x00000000a5e00000, 0x00000000a5f00000|  0%| F|  |TAMS 0x00000000a5e00000, 0x00000000a5e00000| Untracked 
|  75|0x00000000a5f00000, 0x00000000a5f00000, 0x00000000a6000000|  0%| F|  |TAMS 0x00000000a5f00000, 0x00000000a5f00000| Untracked 
|  76|0x00000000a6000000, 0x00000000a6000000, 0x00000000a6100000|  0%| F|  |TAMS 0x00000000a6000000, 0x00000000a6000000| Untracked 
|  77|0x00000000a6100000, 0x00000000a6100000, 0x00000000a6200000|  0%| F|  |TAMS 0x00000000a6100000, 0x00000000a6100000| Untracked 
|  78|0x00000000a6200000, 0x00000000a6200000, 0x00000000a6300000|  0%| F|  |TAMS 0x00000000a6200000, 0x00000000a6200000| Untracked 
|  79|0x00000000a6300000, 0x00000000a6300000, 0x00000000a6400000|  0%| F|  |TAMS 0x00000000a6300000, 0x00000000a6300000| Untracked 
|  80|0x00000000a6400000, 0x00000000a6400000, 0x00000000a6500000|  0%| F|  |TAMS 0x00000000a6400000, 0x00000000a6400000| Untracked 
|  81|0x00000000a6500000, 0x00000000a6500000, 0x00000000a6600000|  0%| F|  |TAMS 0x00000000a6500000, 0x00000000a6500000| Untracked 
|  82|0x00000000a6600000, 0x00000000a6600000, 0x00000000a6700000|  0%| F|  |TAMS 0x00000000a6600000, 0x00000000a6600000| Untracked 
|  83|0x00000000a6700000, 0x00000000a6700000, 0x00000000a6800000|  0%| F|  |TAMS 0x00000000a6700000, 0x00000000a6700000| Untracked 
|  84|0x00000000a6800000, 0x00000000a6800000, 0x00000000a6900000|  0%| F|  |TAMS 0x00000000a6800000, 0x00000000a6800000| Untracked 
|  85|0x00000000a6900000, 0x00000000a6900000, 0x00000000a6a00000|  0%| F|  |TAMS 0x00000000a6900000, 0x00000000a6900000| Untracked 
|  86|0x00000000a6a00000, 0x00000000a6a00000, 0x00000000a6b00000|  0%| F|  |TAMS 0x00000000a6a00000, 0x00000000a6a00000| Untracked 
|  87|0x00000000a6b00000, 0x00000000a6b00000, 0x00000000a6c00000|  0%| F|  |TAMS 0x00000000a6b00000, 0x00000000a6b00000| Untracked 
|  88|0x00000000a6c00000, 0x00000000a6c00000, 0x00000000a6d00000|  0%| F|  |TAMS 0x00000000a6c00000, 0x00000000a6c00000| Untracked 
|  89|0x00000000a6d00000, 0x00000000a6d00000, 0x00000000a6e00000|  0%| F|  |TAMS 0x00000000a6d00000, 0x00000000a6d00000| Untracked 
|  90|0x00000000a6e00000, 0x00000000a6ed9910, 0x00000000a6f00000| 84%| E|  |TAMS 0x00000000a6e00000, 0x00000000a6e00000| Complete 
|  91|0x00000000a6f00000, 0x00000000a7000000, 0x00000000a7000000|100%| E|CS|TAMS 0x00000000a6f00000, 0x00000000a6f00000| Complete 
|  92|0x00000000a7000000, 0x00000000a7100000, 0x00000000a7100000|100%| E|CS|TAMS 0x00000000a7000000, 0x00000000a7000000| Complete 
|  93|0x00000000a7100000, 0x00000000a7200000, 0x00000000a7200000|100%| E|CS|TAMS 0x00000000a7100000, 0x00000000a7100000| Complete 
|  94|0x00000000a7200000, 0x00000000a7300000, 0x00000000a7300000|100%| E|CS|TAMS 0x00000000a7200000, 0x00000000a7200000| Complete 
|  95|0x00000000a7300000, 0x00000000a7400000, 0x00000000a7400000|100%| E|CS|TAMS 0x00000000a7300000, 0x00000000a7300000| Complete 

Card table byte_map: [0x0000021f99570000,0x0000021f99870000] _byte_map_base: 0x0000021f99066000

Marking Bits (Prev, Next): (CMBitMap*) 0x0000021f8017dab8, (CMBitMap*) 0x0000021f8017daf0
 Prev Bits: [0x0000021f99b70000, 0x0000021f9b320000)
 Next Bits: [0x0000021f9b320000, 0x0000021f9cad0000)

Polling page: 0x0000021f819d0000

Metaspace:

Usage:
  Non-class:      8.59 MB capacity,     8.54 MB (>99%) used,    44.11 KB ( <1%) free+waste,     8.88 KB ( <1%) overhead. 
      Class:    882.00 KB capacity,   841.48 KB ( 95%) used,    37.02 KB (  4%) free+waste,     3.50 KB ( <1%) overhead. 
       Both:      9.46 MB capacity,     9.36 MB (>99%) used,    81.13 KB ( <1%) free+waste,    12.38 KB ( <1%) overhead. 

Virtual space:
  Non-class space:       10.00 MB reserved,       8.75 MB ( 88%) committed 
      Class space:        1.00 GB reserved,     896.00 KB ( <1%) committed 
             Both:        1.01 GB reserved,       9.63 MB ( <1%) committed 

Chunk freelists:
   Non-Class:  4.00 KB
       Class:  1.75 KB
        Both:  5.75 KB

CodeHeap 'non-profiled nmethods': size=120064Kb used=137Kb max_used=137Kb free=119926Kb
 bounds [0x0000021f91700000, 0x0000021f91970000, 0x0000021f98c40000]
CodeHeap 'profiled nmethods': size=120000Kb used=685Kb max_used=685Kb free=119314Kb
 bounds [0x0000021f8a1d0000, 0x0000021f8a440000, 0x0000021f91700000]
CodeHeap 'non-nmethods': size=5696Kb used=1152Kb max_used=1164Kb free=4543Kb
 bounds [0x0000021f89c40000, 0x0000021f89eb0000, 0x0000021f8a1d0000]
 total_blobs=932 nmethods=454 adapters=285
 compilation: enabled
              stopped_count=0, restarted_count=0
 full_count=0

Compilation events (10 events):
Event: 4528.762 Thread 0x0000021f9f127000 nmethod 446 0x0000021f8a277590 code [0x0000021f8a277780, 0x0000021f8a277cd8]
Event: 4528.762 Thread 0x0000021f9f127000  450       1       org.eclipse.jdt.launching.internal.org.objectweb.asm.SymbolTable::get (13 bytes)
Event: 4528.762 Thread 0x0000021f9f127000 nmethod 450 0x0000021f91721a10 code [0x0000021f91721bc0, 0x0000021f91721d18]
Event: 4528.762 Thread 0x0000021f9f127000  449       3       org.eclipse.jdt.launching.internal.org.objectweb.asm.ByteVector::put11 (52 bytes)
Event: 4528.763 Thread 0x0000021f9f127000 nmethod 449 0x0000021f8a277f10 code [0x0000021f8a2780e0, 0x0000021f8a278350]
Event: 7829.519 Thread 0x0000021f9f127000  453       3       java.lang.ref.ReferenceQueue::reallyPoll (65 bytes)
Event: 7829.522 Thread 0x0000021f9f127000 nmethod 453 0x0000021f8a278510 code [0x0000021f8a278700, 0x0000021f8a278c58]
Event: 8811.005 Thread 0x0000021f9f127000  454       3       org.eclipse.jdt.launching.internal.org.objectweb.asm.ClassReader::readVerificationTypeInfo (184 bytes)
Event: 8811.009 Thread 0x0000021f9f127000 nmethod 454 0x0000021f8a278d90 code [0x0000021f8a2790e0, 0x0000021f8a27ac70]
Event: 8811.009 Thread 0x0000021f9f127000  457       3       org.eclipse.jdt.launching.internal.org.objectweb.asm.SymbolTable::addConstantUtf8Reference (101 bytes)

GC Heap History (0 events):
No events

Deoptimization events (6 events):
Event: 1.212 Thread 0x0000021f80147000 Uncommon trap: reason=class_check action=maybe_recompile pc=0x0000021f9170e30c method=java.util.HashMap.putVal(ILjava/lang/Object;Ljava/lang/Object;ZZ)Ljava/lang/Object; @ 152 c2
Event: 1.224 Thread 0x0000021f80147000 Uncommon trap: reason=class_check action=maybe_recompile pc=0x0000021f9170e30c method=java.util.HashMap.putVal(ILjava/lang/Object;Ljava/lang/Object;ZZ)Ljava/lang/Object; @ 152 c2
Event: 1.241 Thread 0x0000021f80147000 Uncommon trap: reason=class_check action=maybe_recompile pc=0x0000021f9170e30c method=java.util.HashMap.putVal(ILjava/lang/Object;Ljava/lang/Object;ZZ)Ljava/lang/Object; @ 152 c2
Event: 1.241 Thread 0x0000021f80147000 Uncommon trap: reason=class_check action=maybe_recompile pc=0x0000021f9170e30c method=java.util.HashMap.putVal(ILjava/lang/Object;Ljava/lang/Object;ZZ)Ljava/lang/Object; @ 152 c2
Event: 1.392 Thread 0x0000021f80147000 Uncommon trap: reason=unstable_if action=reinterpret pc=0x0000021f9170f478 method=java.lang.String.isLatin1()Z @ 10 c2
Event: 1.479 Thread 0x0000021f80147000 Uncommon trap: reason=unstable_if action=reinterpret pc=0x0000021f9171107c method=java.lang.String.isLatin1()Z @ 10 c2

Classes redefined (6 events):
Event: 206.167 Thread 0x0000021f9f0cd000 redefined class name=com.test.abc.Calculator, count=1
Event: 1144.470 Thread 0x0000021f9f0cd000 redefined class name=com.test.abc.Calculator, count=2
Event: 3125.029 Thread 0x0000021f9f0cd000 redefined class name=com.test.abc.Calculator, count=3
Event: 3260.568 Thread 0x0000021f9f0cd000 redefined class name=com.test.abc.Calculator, count=4
Event: 3503.247 Thread 0x0000021f9f0cd000 redefined class name=com.test.abc.Calculator, count=5
Event: 4528.766 Thread 0x0000021f9f0cd000 redefined class name=com.test.abc.Calculator, count=6

Internal exceptions (1 events):
Event: 1.451 Thread 0x0000021f80147000 Exception <a 'java/lang/NoSuchMethodError'{0x00000000a6f9af58}: java.lang.invoke.DirectMethodHandle$Holder.invokeSpecialIFC(Ljava/lang/Object;Ljava/lang/Object;I)I> (0x00000000a6f9af58) thrown at [t:/workspace/open/src/hotspot/share/interpreter/linkResolv

Events (10 events):
Event: 3516.497 Executing VM operation: ChangeBreakpoints done
Event: 4528.764 Executing VM operation: RedefineClasses
Event: 4528.767 Executing VM operation: RedefineClasses done
Event: 4528.799 Executing VM operation: ChangeBreakpoints
Event: 4528.800 Executing VM operation: ChangeBreakpoints done
Event: 4528.800 Executing VM operation: ChangeBreakpoints
Event: 4528.800 Executing VM operation: ChangeBreakpoints done
Event: 4528.806 Executing VM operation: ChangeBreakpoints
Event: 4528.807 Executing VM operation: ChangeBreakpoints done
Event: 8811.009 Executing VM operation: RedefineClasses


Dynamic libraries:
0x00007ff68f2b0000 - 0x00007ff68f2f7000 	C:\Apps\jdk-11_windows-x64_bin\jdk-11\bin\javaw.exe
0x00007ffaa27c0000 - 0x00007ffaa29a1000 	C:\WINDOWS\SYSTEM32\ntdll.dll
0x00007ffaa1160000 - 0x00007ffaa1212000 	C:\WINDOWS\System32\KERNEL32.DLL
0x00007ffa9ede0000 - 0x00007ffa9f053000 	C:\WINDOWS\System32\KERNELBASE.dll
0x00007ffaa25e0000 - 0x00007ffaa2681000 	C:\WINDOWS\System32\ADVAPI32.dll
0x00007ffaa1090000 - 0x00007ffaa112e000 	C:\WINDOWS\System32\msvcrt.dll
0x00007ffaa2220000 - 0x00007ffaa227b000 	C:\WINDOWS\System32\sechost.dll
0x00007ffaa2280000 - 0x00007ffaa23a4000 	C:\WINDOWS\System32\RPCRT4.dll
0x00007ffaa18c0000 - 0x00007ffaa1a50000 	C:\WINDOWS\System32\USER32.dll
0x00007ffa9fc30000 - 0x00007ffa9fc50000 	C:\WINDOWS\System32\win32u.dll
0x00007ffaa1130000 - 0x00007ffaa1158000 	C:\WINDOWS\System32\GDI32.dll
0x00007ffa9fa90000 - 0x00007ffa9fc22000 	C:\WINDOWS\System32\gdi32full.dll
0x00007ffa9eb90000 - 0x00007ffa9ec2f000 	C:\WINDOWS\System32\msvcp_win.dll
0x00007ffa9ece0000 - 0x00007ffa9edda000 	C:\WINDOWS\System32\ucrtbase.dll
0x00007ffa92c60000 - 0x00007ffa92c6a000 	C:\WINDOWS\SYSTEM32\VERSION.dll
0x00007ffa95ba0000 - 0x00007ffa95e09000 	C:\WINDOWS\WinSxS\amd64_microsoft.windows.common-controls_6595b64144ccf1df_6.0.17134.285_none_fb4297e330656775\COMCTL32.dll
0x00007ffaa1220000 - 0x00007ffaa1543000 	C:\WINDOWS\System32\combase.dll
0x00007ffa9f2a0000 - 0x00007ffa9f31a000 	C:\WINDOWS\System32\bcryptPrimitives.dll
0x00007ffaa25b0000 - 0x00007ffaa25dd000 	C:\WINDOWS\System32\IMM32.DLL
0x00007ffa9a810000 - 0x00007ffa9a826000 	C:\Apps\jdk-11_windows-x64_bin\jdk-11\bin\vcruntime140.dll
0x00007ffa8a500000 - 0x00007ffa8a5aa000 	C:\Apps\jdk-11_windows-x64_bin\jdk-11\bin\msvcp140.dll
0x00007ffa74b40000 - 0x00007ffa75682000 	C:\Apps\jdk-11_windows-x64_bin\jdk-11\bin\server\jvm.dll
0x00007ffaa24a0000 - 0x00007ffaa24a8000 	C:\WINDOWS\System32\PSAPI.DLL
0x00007ffa9d6d0000 - 0x00007ffa9d6d9000 	C:\WINDOWS\SYSTEM32\WSOCK32.dll
0x00007ffa9c270000 - 0x00007ffa9c293000 	C:\WINDOWS\SYSTEM32\WINMM.dll
0x00007ffaa21a0000 - 0x00007ffaa220c000 	C:\WINDOWS\System32\WS2_32.dll
0x00007ffa9c0a0000 - 0x00007ffa9c0ca000 	C:\WINDOWS\SYSTEM32\WINMMBASE.dll
0x00007ffa9f060000 - 0x00007ffa9f0a9000 	C:\WINDOWS\System32\cfgmgr32.dll
0x00007ffa9eb50000 - 0x00007ffa9eb61000 	C:\WINDOWS\System32\kernel.appcore.dll
0x00007ffa99f70000 - 0x00007ffa99f81000 	C:\Apps\jdk-11_windows-x64_bin\jdk-11\bin\verify.dll
0x00007ffa9d3b0000 - 0x00007ffa9d579000 	C:\WINDOWS\SYSTEM32\DBGHELP.DLL
0x00007ffa90120000 - 0x00007ffa90149000 	C:\WINDOWS\SYSTEM32\dbgcore.DLL
0x00007ffa98cc0000 - 0x00007ffa98ce9000 	C:\Apps\jdk-11_windows-x64_bin\jdk-11\bin\java.dll
0x00007ffa87af0000 - 0x00007ffa87b27000 	C:\Apps\jdk-11_windows-x64_bin\jdk-11\bin\jdwp.dll
0x00007ffa862e0000 - 0x00007ffa8630f000 	C:\Apps\jdk-11_windows-x64_bin\jdk-11\bin\instrument.dll
0x00007ffa90ac0000 - 0x00007ffa90ad6000 	C:\Apps\jdk-11_windows-x64_bin\jdk-11\bin\zip.dll
0x00007ffa98f00000 - 0x00007ffa98f0a000 	C:\Apps\jdk-11_windows-x64_bin\jdk-11\bin\jimage.dll
0x00007ffa9fc50000 - 0x00007ffaa1090000 	C:\WINDOWS\System32\SHELL32.dll
0x00007ffaa20f0000 - 0x00007ffaa2199000 	C:\WINDOWS\System32\shcore.dll
0x00007ffa9f380000 - 0x00007ffa9fa8d000 	C:\WINDOWS\System32\windows.storage.dll
0x00007ffaa1550000 - 0x00007ffaa15a1000 	C:\WINDOWS\System32\shlwapi.dll
0x00007ffa9eb70000 - 0x00007ffa9eb8f000 	C:\WINDOWS\System32\profapi.dll
0x00007ffa9ead0000 - 0x00007ffa9eb1c000 	C:\WINDOWS\System32\powrprof.dll
0x00007ffa9eb40000 - 0x00007ffa9eb4a000 	C:\WINDOWS\System32\FLTLIB.DLL
0x00007ffa98e40000 - 0x00007ffa98e4a000 	C:\Apps\jdk-11_windows-x64_bin\jdk-11\bin\dt_socket.dll
0x00007ffa9e350000 - 0x00007ffa9e3b6000 	C:\WINDOWS\System32\mswsock.dll
0x00007ffa9e110000 - 0x00007ffa9e1ce000 	C:\WINDOWS\SYSTEM32\DNSAPI.dll
0x00007ffaa2210000 - 0x00007ffaa2218000 	C:\WINDOWS\System32\NSI.dll
0x00007ffa9e0d0000 - 0x00007ffa9e108000 	C:\WINDOWS\SYSTEM32\IPHLPAPI.DLL
0x00007ffa95890000 - 0x00007ffa95902000 	C:\WINDOWS\System32\fwpuclnt.dll
0x00007ffa9e630000 - 0x00007ffa9e655000 	C:\WINDOWS\SYSTEM32\bcrypt.dll
0x00007ffa99290000 - 0x00007ffa9929a000 	C:\Windows\System32\rasadhlp.dll
0x00007ffa8fdc0000 - 0x00007ffa8fdd9000 	C:\Apps\jdk-11_windows-x64_bin\jdk-11\bin\net.dll
0x00007ffa9acf0000 - 0x00007ffa9adcc000 	C:\WINDOWS\SYSTEM32\WINHTTP.dll
0x00007ffa8fd60000 - 0x00007ffa8fd73000 	C:\Apps\jdk-11_windows-x64_bin\jdk-11\bin\nio.dll

dbghelp: loaded successfully - version: 4.0.5 - missing functions: none
symbol engine: initialized successfully - sym options: 0x614 - pdb path: .;C:\Apps\jdk-11_windows-x64_bin\jdk-11\bin;C:\WINDOWS\SYSTEM32;C:\WINDOWS\WinSxS\amd64_microsoft.windows.common-controls_6595b64144ccf1df_6.0.17134.285_none_fb4297e330656775;C:\Apps\jdk-11_windows-x64_bin\jdk-11\bin\server

VM Arguments:
jvm_args: -agentlib:jdwp=transport=dt_socket,suspend=y,address=localhost:52886 -javaagent:C:\Users\Manisha Yerukala\eclipse\java-2018-093\eclipse\configuration\org.eclipse.osgi\237\0\.cp\lib\javaagent-shaded.jar -Dfile.encoding=Cp1252 
java_command: com.test.abc.Calculator
java_class_path (initial): C:\Users\Manisha Yerukala\eclipse-workspace\New\bin
Launcher Type: SUN_STANDARD

[Global flags]
     intx CICompilerCount                          = 3                                         {product} {ergonomic}
     uint ConcGCThreads                            = 1                                         {product} {ergonomic}
     uint G1ConcRefinementThreads                  = 4                                         {product} {ergonomic}
   size_t G1HeapRegionSize                         = 1048576                                   {product} {ergonomic}
    uintx GCDrainStackTargetSize                   = 64                                        {product} {ergonomic}
   size_t InitialHeapSize                          = 100663296                                 {product} {ergonomic}
   size_t MarkStackSize                            = 4194304                                   {product} {ergonomic}
   size_t MaxHeapSize                              = 1589641216                                {product} {ergonomic}
   size_t MaxNewSize                               = 953155584                                 {product} {ergonomic}
   size_t MinHeapDeltaBytes                        = 1048576                                   {product} {ergonomic}
    uintx NonNMethodCodeHeapSize                   = 5830092                                {pd product} {ergonomic}
    uintx NonProfiledCodeHeapSize                  = 122914074                              {pd product} {ergonomic}
    uintx ProfiledCodeHeapSize                     = 122914074                              {pd product} {ergonomic}
    uintx ReservedCodeCacheSize                    = 251658240                              {pd product} {ergonomic}
     bool SegmentedCodeCache                       = true                                      {product} {ergonomic}
     bool UseCompressedClassPointers               = true                                 {lp64_product} {ergonomic}
     bool UseCompressedOops                        = true                                 {lp64_product} {ergonomic}
     bool UseG1GC                                  = true                                      {product} {ergonomic}
     bool UseLargePagesIndividualAllocation        = false                                  {pd product} {ergonomic}

Logging:
Log output configuration:
 #0: stdout all=warning uptime,level,tags
 #1: stderr all=off uptime,level,tags

Environment Variables:
JAVA_HOME=C:\Apps\jdk-11_windows-x64_bin\jdk-11
PATH=C:/Apps/jdk-11_windows-x64_bin/jdk-11/bin/server;C:/Apps/jdk-11_windows-x64_bin/jdk-11/bin;C:\WINDOWS;C:\WINDOWS\System32\Wbem;C:\WINDOWS\System32\WindowsPowerShell\v1.0\;C:\WINDOWS\System32\OpenSSH\;C:\Program Files\Git\cmd;C:\Apps\jdk-11_windows-x64_bin\jdk-11\bin;C:\Apps\apache-maven-3.5.4-bin\apache-maven-3.5.4\bin;C:\Apps\gradle-4.10.2\bin;C:\Users\Manisha Yerukala\AppData\Local\Microsoft\WindowsApps;;C:\WINDOWS\System32;
USERNAME=Manisha Yerukala
OS=Windows_NT
PROCESSOR_IDENTIFIER=Intel64 Family 6 Model 61 Stepping 4, GenuineIntel



---------------  S Y S T E M  ---------------

OS: Windows 10 , 64 bit Build 17134 (10.0.17134.1)

CPU:total 4 (initial active 4) (2 cores per cpu, 2 threads per core) family 6 model 61 stepping 4, cmov, cx8, fxsr, mmx, sse, sse2, sse3, ssse3, sse4.1, sse4.2, popcnt, avx, avx2, aes, clmul, erms, 3dnowpref, lzcnt, ht, tsc, tscinvbit, bmi1, bmi2, adx, fma

Memory: 4k page, system-wide physical 6059M (2777M free)
TotalPageFile size 7511M (AvailPageFile size 1842M)
current process WorkingSet (physical memory assigned to process): 24M, peak: 44M
current process commit charge ("private bytes"): 169M, peak: 170M

vm_info: Java HotSpot(TM) 64-Bit Server VM (11+28) for windows-amd64 JRE (11+28), built on Aug 23 2018 03:03:59 by "mach5one" with MS VC++ 15.5 (VS2017)

END.
